<?xml version="1.0" encoding="UTF-8"?>
<!-- Generated by org.testng.reporters.JUnitReportReporter -->
<testsuite hostname="Suryastark" failures="0" tests="7" name="testCases.TC003_LoginDDT" time="0.006" errors="1" timestamp="2024-12-19T13:40:29 IST" skipped="6">
  <testcase classname="testCases.TC003_LoginDDT" name="verif_loginDDT" time="0.000">
    <skipped/>
  </testcase> <!-- verif_loginDDT -->
  <testcase classname="testCases.TC003_LoginDDT" name="verif_loginDDT" time="0.001">
    <skipped/>
  </testcase> <!-- verif_loginDDT -->
  <testcase classname="testCases.TC003_LoginDDT" name="verif_loginDDT" time="0.000">
    <skipped/>
  </testcase> <!-- verif_loginDDT -->
  <testcase classname="testCases.TC003_LoginDDT" name="verif_loginDDT" time="0.000">
    <skipped/>
  </testcase> <!-- verif_loginDDT -->
  <testcase classname="testCases.TC003_LoginDDT" name="setup" time="0.005">
    <error message="Cannot invoke &quot;String.equalsIgnoreCase(String)&quot; because the return value of &quot;java.util.Properties.getProperty(String)&quot; is null" type="java.lang.NullPointerException">
      <![CDATA[java.lang.NullPointerException: Cannot invoke "String.equalsIgnoreCase(String)" because the return value of "java.util.Properties.getProperty(String)" is null
at testBase.BaseClass.setup(BaseClass.java:45)
at java.base/jdk.internal.reflect.DirectMethodHandleAccessor.invoke(DirectMethodHandleAccessor.java:103)
at java.base/java.lang.reflect.Method.invoke(Method.java:580)
at org.testng.internal.invokers.MethodInvocationHelper.invokeMethod(MethodInvocationHelper.java:141)
at org.testng.internal.invokers.MethodInvocationHelper.invokeMethodConsideringTimeout(MethodInvocationHelper.java:71)
at org.testng.internal.invokers.ConfigInvoker.invokeConfigurationMethod(ConfigInvoker.java:400)
at org.testng.internal.invokers.ConfigInvoker.invokeConfigurations(ConfigInvoker.java:333)
at org.testng.internal.invokers.TestMethodWorker.invokeBeforeClassMethods(TestMethodWorker.java:188)
at org.testng.internal.invokers.TestMethodWorker.run(TestMethodWorker.java:128)
at java.base/java.util.ArrayList.forEach(ArrayList.java:1597)
at org.testng.TestRunner.privateRun(TestRunner.java:739)
at org.testng.TestRunner.run(TestRunner.java:614)
at org.testng.SuiteRunner.runTest(SuiteRunner.java:421)
at org.testng.SuiteRunner.runSequentially(SuiteRunner.java:413)
at org.testng.SuiteRunner.privateRun(SuiteRunner.java:373)
at org.testng.SuiteRunner.run(SuiteRunner.java:312)
at org.testng.SuiteRunnerWorker.runSuite(SuiteRunnerWorker.java:52)
at org.testng.SuiteRunnerWorker.run(SuiteRunnerWorker.java:95)
at org.testng.TestNG.runSuitesSequentially(TestNG.java:1274)
at org.testng.TestNG.runSuitesLocally(TestNG.java:1208)
at org.testng.TestNG.runSuites(TestNG.java:1112)
at org.testng.TestNG.run(TestNG.java:1079)
at org.testng.remote.AbstractRemoteTestNG.run(AbstractRemoteTestNG.java:115)
at org.testng.remote.RemoteTestNG.initAndRun(RemoteTestNG.java:293)
at org.testng.remote.RemoteTestNG.main(RemoteTestNG.java:91)
]]>
    </error>
  </testcase> <!-- setup -->
  <testcase classname="testCases.TC003_LoginDDT" name="verif_loginDDT" time="0.000">
    <skipped/>
  </testcase> <!-- verif_loginDDT -->
  <testcase classname="testCases.TC003_LoginDDT" name="verif_loginDDT" time="0.000">
    <skipped/>
  </testcase> <!-- verif_loginDDT -->
</testsuite> <!-- testCases.TC003_LoginDDT -->
