<?xml version="1.0" encoding="UTF-8"?>
<!-- Generated by org.testng.reporters.JUnitReportReporter -->
<testsuite hostname="Suryastark" failures="0" tests="1" name="testCases.TC001_AccountRegistrationTest" time="4.120" errors="0" timestamp="2024-12-19T22:22:52 IST" skipped="0">
  <testcase classname="testCases.TC001_AccountRegistrationTest" name="verify_account_registration" time="4.120"/>
</testsuite> <!-- testCases.TC001_AccountRegistrationTest -->
